         used (Mb) gc trigger (Mb) max used (Mb)
Ncells 262390 14.1     641325 34.3   431168 23.1
Vcells 442862  3.4    8388608 64.0  1753648 13.4
── Attaching packages ─────────────────────────────────────── tidyverse 1.3.0 ──
✔ ggplot2 3.3.2     ✔ purrr   0.3.4
✔ tibble  3.0.3     ✔ dplyr   1.0.2
✔ tidyr   1.1.2     ✔ stringr 1.4.0
✔ readr   1.3.1     ✔ forcats 0.5.0
── Conflicts ────────────────────────────────────────── tidyverse_conflicts() ──
✖ dplyr::filter() masks stats::filter()
✖ dplyr::lag()    masks stats::lag()

Attaching package: ‘lubridate’

The following objects are masked from ‘package:base’:

    date, intersect, setdiff, union

/home/ubuntu/tools/PRSice-2/
/home/ubuntu/biroli/geighei/data/HRS/genomeclean/cleanedWLS_bestGuessImp
HRS
/home/ubuntu/biroli/geighei/data/GWAS_sumstats/clean/UKB/Results_from_Cartesius/Refresh/risk/
CLEANED.*
/home/ubuntu/biroli/geighei/data/HRS/PGS/PRSice/split_sample
TRUE
SNP
Chr
position
EFFECT_ALLELE
OTHER_ALLELE
BETA
PVAL
FALSE
Argument --gwas_names, used to specify summary statistic files to run PRSice on, not detected.
             By default, we use --gwas_pattern argument to match all sumstats matching pattern, which defaults to all files with .sumstats ending if not provided.
[1] "HRS_CLEANED.ukb_risk_split1"

PRSice 2.1.3.beta (10 August 2018) 
https://github.com/choishingwan/PRSice
(C) 2016-2017 Shing Wan (Sam) Choi, Jack Euesden, Cathryn M. Lewis, Paul F. O'Reilly
GNU General Public License v3

If you use PRSice in any published work, please cite:
Jack Euesden Cathryn M. Lewis Paul F. O'Reilly (2015)
PRSice: Polygenic Risk Score software.
Bioinformatics 31 (9): 1466-1468

2021-06-23 17:16:42
/home/ubuntu/tools/PRSice-2/PRSice_linux \
    --A1 EFFECT_ALLELE \
    --A2 OTHER_ALLELE \
    --all-score  \
    --bar-levels 1 \
    --base /home/ubuntu/biroli/geighei/data/GWAS_sumstats/clean/UKB/Results_from_Cartesius/Refresh/risk//CLEANED.ukb_risk_split1 \
    --beta  \
    --binary-target F \
    --bp position \
    --chr Chr \
    --fastscore  \
    --info-base INFO,0.9 \
    --model add \
    --no-clump  \
    --no-regress  \
    --out HRS_CLEANED.ukb_risk_split1 \
    --pvalue PVAL \
    --se SE \
    --seed 112794 \
    --snp SNP \
    --stat BETA \
    --target /home/ubuntu/biroli/geighei/data/HRS/genomeclean/cleanedWLS_bestGuessImp \
    --thread 1


Loading Genotype file: 
/home/ubuntu/biroli/geighei/data/HRS/genomeclean/cleanedWLS_bestGuessImp 
(bed) 
 

[1;31mError: Cannot open fam file: 
       /home/ubuntu/biroli/geighei/data/HRS/genomeclean/cleanedWLS_bestGuessImp.fam [0m

Error: 
Execution halted
Parsed with column specification:
cols(
  FID = col_double(),
  IID = col_double(),
  `1` = col_double()
)
Warning: 10960 parsing failures.
row col  expected    actual                                    file
  1  -- 3 columns 4 columns 'HRS_CLEANED.ukb_risk_split1.all.score'
  2  -- 3 columns 4 columns 'HRS_CLEANED.ukb_risk_split1.all.score'
  3  -- 3 columns 4 columns 'HRS_CLEANED.ukb_risk_split1.all.score'
  4  -- 3 columns 4 columns 'HRS_CLEANED.ukb_risk_split1.all.score'
  5  -- 3 columns 4 columns 'HRS_CLEANED.ukb_risk_split1.all.score'
... ... ......... ......... .......................................
See problems(...) for more details.

[1] "HRS_CLEANED.ukb_risk_split2"

PRSice 2.1.3.beta (10 August 2018) 
https://github.com/choishingwan/PRSice
(C) 2016-2017 Shing Wan (Sam) Choi, Jack Euesden, Cathryn M. Lewis, Paul F. O'Reilly
GNU General Public License v3

If you use PRSice in any published work, please cite:
Jack Euesden Cathryn M. Lewis Paul F. O'Reilly (2015)
PRSice: Polygenic Risk Score software.
Bioinformatics 31 (9): 1466-1468

2021-06-23 17:16:43
/home/ubuntu/tools/PRSice-2/PRSice_linux \
    --A1 EFFECT_ALLELE \
    --A2 OTHER_ALLELE \
    --all-score  \
    --bar-levels 1 \
    --base /home/ubuntu/biroli/geighei/data/GWAS_sumstats/clean/UKB/Results_from_Cartesius/Refresh/risk//CLEANED.ukb_risk_split2 \
    --beta  \
    --binary-target F \
    --bp position \
    --chr Chr \
    --fastscore  \
    --info-base INFO,0.9 \
    --model add \
    --no-clump  \
    --no-regress  \
    --out HRS_CLEANED.ukb_risk_split2 \
    --pvalue PVAL \
    --se SE \
    --seed 112794 \
    --snp SNP \
    --stat BETA \
    --target /home/ubuntu/biroli/geighei/data/HRS/genomeclean/cleanedWLS_bestGuessImp \
    --thread 1


Loading Genotype file: 
/home/ubuntu/biroli/geighei/data/HRS/genomeclean/cleanedWLS_bestGuessImp 
(bed) 
 

[1;31mError: Cannot open fam file: 
       /home/ubuntu/biroli/geighei/data/HRS/genomeclean/cleanedWLS_bestGuessImp.fam [0m

Error: 
Execution halted
Parsed with column specification:
cols(
  FID = col_double(),
  IID = col_double(),
  `1` = col_double()
)
Warning: 10960 parsing failures.
row col  expected    actual                                    file
  1  -- 3 columns 4 columns 'HRS_CLEANED.ukb_risk_split2.all.score'
  2  -- 3 columns 4 columns 'HRS_CLEANED.ukb_risk_split2.all.score'
  3  -- 3 columns 4 columns 'HRS_CLEANED.ukb_risk_split2.all.score'
  4  -- 3 columns 4 columns 'HRS_CLEANED.ukb_risk_split2.all.score'
  5  -- 3 columns 4 columns 'HRS_CLEANED.ukb_risk_split2.all.score'
... ... ......... ......... .......................................
See problems(...) for more details.

Warning messages:
1: Unknown columns: `5e-08` 
2: The `value` argument of ``names<-`()` must be a character vector as of tibble 3.0.0.
This warning is displayed once every 8 hours.
Call `lifecycle::last_warnings()` to see where this warning was generated. 
3: Unknown columns: `5e-08` 
