
PRSice 2.1.3.beta (10 August 2018) 
https://github.com/choishingwan/PRSice
(C) 2016-2017 Shing Wan (Sam) Choi, Jack Euesden, Cathryn M. Lewis, Paul F. O'Reilly
GNU General Public License v3

If you use PRSice in any published work, please cite:
Jack Euesden Cathryn M. Lewis Paul F. O'Reilly (2015)
PRSice: Polygenic Risk Score software.
Bioinformatics 31 (9): 1466-1468

2020-07-13 20:25:50
/home/ubuntu/tools/PRSice-2/PRSice_linux \
    --A1 EFFECT_ALLELE \
    --A2 OTHER_ALLELE \
    --all-score  \
    --bar-levels 0.001,0.05,0.1,0.2,0.3,0.4,0.5,1 \
    --base /home/ubuntu/biroli/geighei/data/GWAS_sumstats/clean/rGE/split_sample/CLEANED.height \
    --beta  \
    --binary-target F \
    --clump-kb 250 \
    --clump-p 1.000000 \
    --clump-r2 0.100000 \
    --interval 0.000050 \
    --lower 0.000100 \
    --model add \
    --no-regress  \
    --out PRSice \
    --pvalue PVAL \
    --seed 1949198560 \
    --snp SNP \
    --stat BETA \
    --target /home/ubuntu/biroli/geighei/data/ELSA/genomeclean/cleaned_ega-box-163_ForwardStrand_excREL \
    --thread 1 \
    --upper 0.500000


Error: Cannot open base file to read! 
 

